2017-05-07 15:19:32 INFO  UserDAOImpl:70 - Person loaded successfully, Person details=User [userid=1, email=srinidhi@gmail.com, firstName=srinidhi, lastName=ch, bankid=1, bank=Bank [bankid=1, bankname=ICICI]]
2017-05-07 15:19:42 INFO  UserDAOImpl:70 - Person loaded successfully, Person details=User [userid=1, email=srinidhi@gmail.com, firstName=srinidhi, lastName=ch, bankid=1, bank=Bank [bankid=1, bankname=ICICI]]
2017-05-07 15:21:26 INFO  UserDAOImpl:70 - Person loaded successfully, Person details=User [userid=1, email=srinidhi@gmail.com, firstName=srinidhi, lastName=ch, bankid=1, bank=Bank [bankid=1, bankname=ICICI]]
2017-05-07 15:21:27 INFO  XmlWebApplicationContext:873 - Closing WebApplicationContext for namespace 'appServlet-servlet': startup date [Sun May 07 15:11:44 IST 2017]; parent: Root WebApplicationContext
2017-05-07 15:21:27 INFO  XmlWebApplicationContext:873 - Closing Root WebApplicationContext: startup date [Sun May 07 15:11:41 IST 2017]; root of context hierarchy
2017-05-07 15:21:28 INFO  ContextLoader:285 - Root WebApplicationContext: initialization started
2017-05-07 15:21:28 INFO  XmlWebApplicationContext:513 - Refreshing Root WebApplicationContext: startup date [Sun May 07 15:21:28 IST 2017]; root of context hierarchy
2017-05-07 15:21:28 INFO  XmlBeanDefinitionReader:316 - Loading XML bean definitions from ServletContext resource [/WEB-INF/appServlet-servlet.xml]
2017-05-07 15:21:28 INFO  XmlBeanDefinitionReader:316 - Loading XML bean definitions from ServletContext resource [/WEB-INF/spring-security.xml]
2017-05-07 15:21:28 INFO  SpringSecurityCoreVersion:58 - You are running with Spring Security Core 3.2.5.RELEASE
2017-05-07 15:21:28 INFO  SecurityNamespaceHandler:75 - Spring Security 'config' module version is 3.2.5.RELEASE
2017-05-07 15:21:28 INFO  FilterInvocationSecurityMetadataSourceParser:134 - Creating access control expression attribute 'hasRole('ROLE_ADMIN')' for /admin**
2017-05-07 15:21:28 INFO  FilterInvocationSecurityMetadataSourceParser:134 - Creating access control expression attribute 'hasRole('ROLE_ADMIN')' for /admin/**
2017-05-07 15:21:28 INFO  FilterInvocationSecurityMetadataSourceParser:134 - Creating access control expression attribute 'hasRole('ROLE_USER')' for /user**
2017-05-07 15:21:28 INFO  FilterInvocationSecurityMetadataSourceParser:134 - Creating access control expression attribute 'hasRole('ROLE_USER')' for /my/**
2017-05-07 15:21:28 INFO  HttpSecurityBeanDefinitionParser:266 - Checking sorted filter chain: [Root bean: class [org.springframework.security.web.context.SecurityContextPersistenceFilter]; scope=; abstract=false; lazyInit=false; autowireMode=0; dependencyCheck=0; autowireCandidate=true; primary=false; factoryBeanName=null; factoryMethodName=null; initMethodName=null; destroyMethodName=null, order = 200, Root bean: class [org.springframework.security.web.context.request.async.WebAsyncManagerIntegrationFilter]; scope=; abstract=false; lazyInit=false; autowireMode=0; dependencyCheck=0; autowireCandidate=true; primary=false; factoryBeanName=null; factoryMethodName=null; initMethodName=null; destroyMethodName=null, order = 400, Root bean: class [org.springframework.security.web.csrf.CsrfFilter]; scope=; abstract=false; lazyInit=false; autowireMode=0; dependencyCheck=0; autowireCandidate=true; primary=false; factoryBeanName=null; factoryMethodName=null; initMethodName=null; destroyMethodName=null, order = 600, Root bean: class [org.springframework.security.web.authentication.logout.LogoutFilter]; scope=; abstract=false; lazyInit=false; autowireMode=0; dependencyCheck=0; autowireCandidate=true; primary=false; factoryBeanName=null; factoryMethodName=null; initMethodName=null; destroyMethodName=null, order = 700, <org.springframework.security.web.authentication.UsernamePasswordAuthenticationFilter#0>, order = 1100, Root bean: class [org.springframework.security.web.authentication.www.BasicAuthenticationFilter]; scope=; abstract=false; lazyInit=false; autowireMode=0; dependencyCheck=0; autowireCandidate=true; primary=false; factoryBeanName=null; factoryMethodName=null; initMethodName=null; destroyMethodName=null, order = 1500, Root bean: class [org.springframework.security.web.savedrequest.RequestCacheAwareFilter]; scope=; abstract=false; lazyInit=false; autowireMode=0; dependencyCheck=0; autowireCandidate=true; primary=false; factoryBeanName=null; factoryMethodName=null; initMethodName=null; destroyMethodName=null, order = 1600, Root bean: class [org.springframework.security.web.servletapi.SecurityContextHolderAwareRequestFilter]; scope=; abstract=false; lazyInit=false; autowireMode=0; dependencyCheck=0; autowireCandidate=true; primary=false; factoryBeanName=null; factoryMethodName=null; initMethodName=null; destroyMethodName=null, order = 1700, Root bean: class [org.springframework.security.web.authentication.AnonymousAuthenticationFilter]; scope=; abstract=false; lazyInit=false; autowireMode=0; dependencyCheck=0; autowireCandidate=true; primary=false; factoryBeanName=null; factoryMethodName=null; initMethodName=null; destroyMethodName=null, order = 2000, Root bean: class [org.springframework.security.web.session.SessionManagementFilter]; scope=; abstract=false; lazyInit=false; autowireMode=0; dependencyCheck=0; autowireCandidate=true; primary=false; factoryBeanName=null; factoryMethodName=null; initMethodName=null; destroyMethodName=null, order = 2100, Root bean: class [org.springframework.security.web.access.ExceptionTranslationFilter]; scope=; abstract=false; lazyInit=false; autowireMode=0; dependencyCheck=0; autowireCandidate=true; primary=false; factoryBeanName=null; factoryMethodName=null; initMethodName=null; destroyMethodName=null, order = 2200, <org.springframework.security.web.access.intercept.FilterSecurityInterceptor#0>, order = 2300]
2017-05-07 15:21:28 INFO  AutowiredAnnotationBeanPostProcessor:141 - JSR-330 'javax.inject.Inject' annotation found and supported for autowiring
2017-05-07 15:21:29 INFO  RequestMappingHandlerMapping:197 - Mapped "{[/my/transfer],methods=[POST || GET],params=[],headers=[],consumes=[],produces=[],custom=[]}" onto public java.lang.String com.samplecrud.controller.AccountController.myaccounttransfer(org.springframework.ui.Model,javax.servlet.http.HttpServletRequest)
2017-05-07 15:21:29 INFO  RequestMappingHandlerMapping:197 - Mapped "{[/my/getbalance],methods=[POST],params=[],headers=[],consumes=[],produces=[application/json],custom=[]}" onto public java.lang.String com.samplecrud.controller.AccountController.getbalance(javax.servlet.http.HttpServletRequest)
2017-05-07 15:21:29 INFO  RequestMappingHandlerMapping:197 - Mapped "{[/my/account],methods=[],params=[],headers=[],consumes=[],produces=[],custom=[]}" onto public java.lang.String com.samplecrud.controller.AccountController.myAccount(org.springframework.ui.Model,javax.servlet.http.HttpServletRequest,com.samplecrud.model.UsersBalance)
2017-05-07 15:21:29 INFO  RequestMappingHandlerMapping:197 - Mapped "{[/my/getbankuserslist],methods=[POST],params=[],headers=[],consumes=[],produces=[application/json],custom=[]}" onto public java.lang.String com.samplecrud.controller.AccountController.getbankuserslist(javax.servlet.http.HttpServletRequest)
2017-05-07 15:21:29 INFO  RequestMappingHandlerMapping:197 - Mapped "{[/user**],methods=[],params=[],headers=[],consumes=[],produces=[],custom=[]}" onto public java.lang.String com.samplecrud.controller.LoginController.getUserProfile()
2017-05-07 15:21:29 INFO  RequestMappingHandlerMapping:197 - Mapped "{[/home],methods=[],params=[],headers=[],consumes=[],produces=[],custom=[]}" onto public java.lang.String com.samplecrud.controller.LoginController.getHomeDefault()
2017-05-07 15:21:29 INFO  RequestMappingHandlerMapping:197 - Mapped "{[/],methods=[],params=[],headers=[],consumes=[],produces=[],custom=[]}" onto public java.lang.String com.samplecrud.controller.LoginController.getUserDefault(javax.servlet.http.HttpServletRequest)
2017-05-07 15:21:29 INFO  RequestMappingHandlerMapping:197 - Mapped "{[/login],methods=[],params=[],headers=[],consumes=[],produces=[],custom=[]}" onto public java.lang.String com.samplecrud.controller.LoginController.getLoginForm(com.samplecrud.model.Users,javax.servlet.http.HttpServletRequest,org.springframework.ui.Model)
2017-05-07 15:21:29 INFO  RequestMappingHandlerMapping:197 - Mapped "{[/admin**],methods=[],params=[],headers=[],consumes=[],produces=[],custom=[]}" onto public java.lang.String com.samplecrud.controller.LoginController.getAdminProfile()
2017-05-07 15:21:29 INFO  RequestMappingHandlerMapping:197 - Mapped "{[/403],methods=[],params=[],headers=[],consumes=[],produces=[],custom=[]}" onto public java.lang.String com.samplecrud.controller.LoginController.getAccessDenied(org.springframework.ui.Model)
2017-05-07 15:21:29 INFO  RequestMappingHandlerMapping:197 - Mapped "{[/admin/transfer],methods=[POST || GET],params=[],headers=[],consumes=[],produces=[],custom=[]}" onto public java.lang.String com.samplecrud.controller.UserBalanceController.transfer(org.springframework.ui.Model,javax.servlet.http.HttpServletRequest)
2017-05-07 15:21:29 INFO  RequestMappingHandlerMapping:197 - Mapped "{[/admin/balanceinfo/{userid}],methods=[],params=[],headers=[],consumes=[],produces=[],custom=[]}" onto public java.lang.String com.samplecrud.controller.UserBalanceController.addAmount(int,javax.servlet.http.HttpServletRequest,com.samplecrud.model.UsersBalance,org.springframework.ui.Model)
2017-05-07 15:21:29 INFO  RequestMappingHandlerMapping:197 - Mapped "{[/admin/remove/{id}],methods=[POST || GET],params=[],headers=[],consumes=[],produces=[],custom=[]}" onto public java.lang.String com.samplecrud.controller.UserController.removeUser(int)
2017-05-07 15:21:29 INFO  RequestMappingHandlerMapping:197 - Mapped "{[/admin/add],methods=[POST || GET],params=[],headers=[],consumes=[],produces=[],custom=[]}" onto public java.lang.String com.samplecrud.controller.UserController.addUsers(javax.servlet.http.HttpServletRequest,com.samplecrud.model.Users,org.springframework.ui.Model)
2017-05-07 15:21:29 INFO  RequestMappingHandlerMapping:197 - Mapped "{[/admin/list],methods=[],params=[],headers=[],consumes=[],produces=[],custom=[]}" onto public java.lang.String com.samplecrud.controller.UserController.myFirstMethod(org.springframework.ui.Model)
2017-05-07 15:21:29 INFO  RequestMappingHandlerMapping:197 - Mapped "{[/admin/edit/{id}],methods=[],params=[],headers=[],consumes=[],produces=[],custom=[]}" onto public java.lang.String com.samplecrud.controller.UserController.editPerson(int,org.springframework.ui.Model)
2017-05-07 15:21:29 INFO  SimpleUrlHandlerMapping:315 - Mapped URL path [/resources/**] onto handler 'org.springframework.web.servlet.resource.ResourceHttpRequestHandler#0'
2017-05-07 15:21:29 INFO  Version:66 - HCANN000001: Hibernate Commons Annotations {4.0.4.Final}
2017-05-07 15:21:29 INFO  Version:54 - HHH000412: Hibernate Core {4.3.5.Final}
2017-05-07 15:21:29 INFO  Environment:239 - HHH000206: hibernate.properties not found
2017-05-07 15:21:29 INFO  Environment:346 - HHH000021: Bytecode provider name : javassist
2017-05-07 15:21:29 INFO  Dialect:145 - HHH000400: Using dialect: org.hibernate.dialect.MySQLDialect
2017-05-07 15:21:30 INFO  TransactionFactoryInitiator:62 - HHH000399: Using default transaction strategy (direct JDBC transactions)
2017-05-07 15:21:30 INFO  ASTQueryTranslatorFactory:47 - HHH000397: Using ASTQueryTranslatorFactory
2017-05-07 15:21:30 INFO  HibernateTransactionManager:339 - Using DataSource [org.apache.commons.dbcp.BasicDataSource@44eca1d6] of Hibernate SessionFactory for HibernateTransactionManager
2017-05-07 15:21:31 INFO  DefaultSecurityFilterChain:28 - Creating filter chain: org.springframework.security.web.util.matcher.AnyRequestMatcher@1, [org.springframework.security.web.context.SecurityContextPersistenceFilter@2cab9f5f, org.springframework.security.web.context.request.async.WebAsyncManagerIntegrationFilter@1f0da0b7, org.springframework.security.web.csrf.CsrfFilter@6fe17fb9, org.springframework.security.web.authentication.logout.LogoutFilter@16d110fb, org.springframework.security.web.authentication.UsernamePasswordAuthenticationFilter@66f02419, org.springframework.security.web.authentication.www.BasicAuthenticationFilter@148a3868, org.springframework.security.web.savedrequest.RequestCacheAwareFilter@70f291f7, org.springframework.security.web.servletapi.SecurityContextHolderAwareRequestFilter@6e3a01da, org.springframework.security.web.authentication.AnonymousAuthenticationFilter@90d20e8, org.springframework.security.web.session.SessionManagementFilter@4c0110d9, org.springframework.security.web.access.ExceptionTranslationFilter@28984d87, org.springframework.security.web.access.intercept.FilterSecurityInterceptor@1692bd9f]
2017-05-07 15:21:31 INFO  DefaultFilterChainValidator:124 - Checking whether login URL '/login' is accessible with your configuration
2017-05-07 15:21:31 INFO  ContextLoader:325 - Root WebApplicationContext: initialization completed in 3151 ms
2017-05-07 15:21:31 INFO  DispatcherServlet:479 - FrameworkServlet 'appServlet': initialization started
2017-05-07 15:21:31 INFO  XmlWebApplicationContext:513 - Refreshing WebApplicationContext for namespace 'appServlet-servlet': startup date [Sun May 07 15:21:31 IST 2017]; parent: Root WebApplicationContext
2017-05-07 15:21:31 INFO  XmlBeanDefinitionReader:316 - Loading XML bean definitions from ServletContext resource [/WEB-INF/appServlet-servlet.xml]
2017-05-07 15:21:31 INFO  AutowiredAnnotationBeanPostProcessor:141 - JSR-330 'javax.inject.Inject' annotation found and supported for autowiring
2017-05-07 15:21:31 INFO  RequestMappingHandlerMapping:197 - Mapped "{[/my/transfer],methods=[POST || GET],params=[],headers=[],consumes=[],produces=[],custom=[]}" onto public java.lang.String com.samplecrud.controller.AccountController.myaccounttransfer(org.springframework.ui.Model,javax.servlet.http.HttpServletRequest)
2017-05-07 15:21:31 INFO  RequestMappingHandlerMapping:197 - Mapped "{[/my/getbalance],methods=[POST],params=[],headers=[],consumes=[],produces=[application/json],custom=[]}" onto public java.lang.String com.samplecrud.controller.AccountController.getbalance(javax.servlet.http.HttpServletRequest)
2017-05-07 15:21:31 INFO  RequestMappingHandlerMapping:197 - Mapped "{[/my/account],methods=[],params=[],headers=[],consumes=[],produces=[],custom=[]}" onto public java.lang.String com.samplecrud.controller.AccountController.myAccount(org.springframework.ui.Model,javax.servlet.http.HttpServletRequest,com.samplecrud.model.UsersBalance)
2017-05-07 15:21:31 INFO  RequestMappingHandlerMapping:197 - Mapped "{[/my/getbankuserslist],methods=[POST],params=[],headers=[],consumes=[],produces=[application/json],custom=[]}" onto public java.lang.String com.samplecrud.controller.AccountController.getbankuserslist(javax.servlet.http.HttpServletRequest)
2017-05-07 15:21:31 INFO  RequestMappingHandlerMapping:197 - Mapped "{[/user**],methods=[],params=[],headers=[],consumes=[],produces=[],custom=[]}" onto public java.lang.String com.samplecrud.controller.LoginController.getUserProfile()
2017-05-07 15:21:31 INFO  RequestMappingHandlerMapping:197 - Mapped "{[/home],methods=[],params=[],headers=[],consumes=[],produces=[],custom=[]}" onto public java.lang.String com.samplecrud.controller.LoginController.getHomeDefault()
2017-05-07 15:21:31 INFO  RequestMappingHandlerMapping:197 - Mapped "{[/],methods=[],params=[],headers=[],consumes=[],produces=[],custom=[]}" onto public java.lang.String com.samplecrud.controller.LoginController.getUserDefault(javax.servlet.http.HttpServletRequest)
2017-05-07 15:21:31 INFO  RequestMappingHandlerMapping:197 - Mapped "{[/login],methods=[],params=[],headers=[],consumes=[],produces=[],custom=[]}" onto public java.lang.String com.samplecrud.controller.LoginController.getLoginForm(com.samplecrud.model.Users,javax.servlet.http.HttpServletRequest,org.springframework.ui.Model)
2017-05-07 15:21:31 INFO  RequestMappingHandlerMapping:197 - Mapped "{[/admin**],methods=[],params=[],headers=[],consumes=[],produces=[],custom=[]}" onto public java.lang.String com.samplecrud.controller.LoginController.getAdminProfile()
2017-05-07 15:21:31 INFO  RequestMappingHandlerMapping:197 - Mapped "{[/403],methods=[],params=[],headers=[],consumes=[],produces=[],custom=[]}" onto public java.lang.String com.samplecrud.controller.LoginController.getAccessDenied(org.springframework.ui.Model)
2017-05-07 15:21:31 INFO  RequestMappingHandlerMapping:197 - Mapped "{[/admin/transfer],methods=[POST || GET],params=[],headers=[],consumes=[],produces=[],custom=[]}" onto public java.lang.String com.samplecrud.controller.UserBalanceController.transfer(org.springframework.ui.Model,javax.servlet.http.HttpServletRequest)
2017-05-07 15:21:31 INFO  RequestMappingHandlerMapping:197 - Mapped "{[/admin/balanceinfo/{userid}],methods=[],params=[],headers=[],consumes=[],produces=[],custom=[]}" onto public java.lang.String com.samplecrud.controller.UserBalanceController.addAmount(int,javax.servlet.http.HttpServletRequest,com.samplecrud.model.UsersBalance,org.springframework.ui.Model)
2017-05-07 15:21:31 INFO  RequestMappingHandlerMapping:197 - Mapped "{[/admin/remove/{id}],methods=[POST || GET],params=[],headers=[],consumes=[],produces=[],custom=[]}" onto public java.lang.String com.samplecrud.controller.UserController.removeUser(int)
2017-05-07 15:21:31 INFO  RequestMappingHandlerMapping:197 - Mapped "{[/admin/add],methods=[POST || GET],params=[],headers=[],consumes=[],produces=[],custom=[]}" onto public java.lang.String com.samplecrud.controller.UserController.addUsers(javax.servlet.http.HttpServletRequest,com.samplecrud.model.Users,org.springframework.ui.Model)
2017-05-07 15:21:31 INFO  RequestMappingHandlerMapping:197 - Mapped "{[/admin/list],methods=[],params=[],headers=[],consumes=[],produces=[],custom=[]}" onto public java.lang.String com.samplecrud.controller.UserController.myFirstMethod(org.springframework.ui.Model)
2017-05-07 15:21:31 INFO  RequestMappingHandlerMapping:197 - Mapped "{[/admin/edit/{id}],methods=[],params=[],headers=[],consumes=[],produces=[],custom=[]}" onto public java.lang.String com.samplecrud.controller.UserController.editPerson(int,org.springframework.ui.Model)
2017-05-07 15:21:31 INFO  SimpleUrlHandlerMapping:315 - Mapped URL path [/resources/**] onto handler 'org.springframework.web.servlet.resource.ResourceHttpRequestHandler#0'
2017-05-07 15:21:31 INFO  Dialect:145 - HHH000400: Using dialect: org.hibernate.dialect.MySQLDialect
2017-05-07 15:21:31 INFO  TransactionFactoryInitiator:62 - HHH000399: Using default transaction strategy (direct JDBC transactions)
2017-05-07 15:21:31 INFO  ASTQueryTranslatorFactory:47 - HHH000397: Using ASTQueryTranslatorFactory
2017-05-07 15:21:31 INFO  HibernateTransactionManager:339 - Using DataSource [org.apache.commons.dbcp.BasicDataSource@3182dee0] of Hibernate SessionFactory for HibernateTransactionManager
2017-05-07 15:21:31 INFO  DispatcherServlet:498 - FrameworkServlet 'appServlet': initialization completed in 347 ms
2017-05-07 15:21:33 INFO  UserDAOImpl:70 - Person loaded successfully, Person details=User [userid=1, email=srinidhi@gmail.com, firstName=srinidhi, lastName=ch, bankid=1, bank=Bank [bankid=1, bankname=ICICI]]
2017-05-07 15:21:34 INFO  UserDAOImpl:70 - Person loaded successfully, Person details=User [userid=1, email=srinidhi@gmail.com, firstName=srinidhi, lastName=ch, bankid=1, bank=Bank [bankid=1, bankname=ICICI]]
2017-05-07 15:23:37 INFO  UserDAOImpl:70 - Person loaded successfully, Person details=User [userid=1, email=srinidhi@gmail.com, firstName=srinidhi, lastName=ch, bankid=1, bank=Bank [bankid=1, bankname=ICICI]]
2017-05-07 15:24:30 INFO  UserDAOImpl:70 - Person loaded successfully, Person details=User [userid=1, email=srinidhi@gmail.com, firstName=srinidhi, lastName=ch, bankid=1, bank=Bank [bankid=1, bankname=ICICI]]
2017-05-07 15:24:44 INFO  UserDAOImpl:70 - Person loaded successfully, Person details=User [userid=1, email=srinidhi@gmail.com, firstName=srinidhi, lastName=ch, bankid=1, bank=Bank [bankid=1, bankname=ICICI]]
